setting 'ivy.default.settings.dir' to 'jar:file:/C:/opt/sbt/sbt-launch-0.7.4.jar!/org/apache/ivy/core/settings'
setting 'ivy.basedir' to 'C:\opt\liftapp\lift_sbt\ChampMan\.'
setting 'ivy.default.conf.dir' to 'jar:file:/C:/opt/sbt/sbt-launch-0.7.4.jar!/org/apache/ivy/core/settings'
impossible to define new type: class not found: org.apache.ivy.plugins.version.PatternVersionMatcher in [] nor Ivy classloader
impossible to define new type: class not found: org.apache.ivy.plugins.trigger.LogTrigger in [] nor Ivy classloader
impossible to define new type: class not found: org.apache.ivy.plugins.resolver.VsftpResolver in [] nor Ivy classloader
impossible to define new type: class not found: org.apache.ivy.plugins.conflict.RegexpConflictManager in [] nor Ivy classloader
impossible to define new type: class not found: org.apache.ivy.plugins.resolver.SshResolver in [] nor Ivy classloader
impossible to define new type: class not found: org.apache.ivy.plugins.resolver.VfsResolver in [] nor Ivy classloader
impossible to define new type: class not found: org.apache.ivy.plugins.resolver.SFTPResolver in [] nor Ivy classloader
impossible to define new type: class not found: org.apache.ivy.plugins.resolver.packager.PackagerResolver in [] nor Ivy classloader
impossible to define new type: class not found: org.apache.ivy.ant.AntCallTrigger in [] nor Ivy classloader
impossible to define new type: class not found: org.apache.ivy.plugins.resolver.IvyRepResolver in [] nor Ivy classloader
impossible to define new type: class not found: org.apache.ivy.ant.AntBuildTrigger in [] nor Ivy classloader
impossible to define glob matcher: org.apache.ivy.plugins.matcher.GlobPatternMatcher was not found.
setting 'java.runtime.name' to 'Java(TM) SE Runtime Environment'
setting 'sun.boot.library.path' to 'C:\Program Files\Java\jre6\bin'
setting 'java.vm.version' to '14.1-b02'
setting 'java.vm.vendor' to 'Sun Microsystems Inc.'
setting 'java.vendor.url' to 'http://java.sun.com/'
setting 'path.separator' to ';'
setting 'java.vm.name' to 'Java HotSpot(TM) Client VM'
setting 'file.encoding.pkg' to 'sun.io'
setting 'sun.java.launcher' to 'SUN_STANDARD'
setting 'user.country' to 'US'
setting 'sun.os.patch.level' to 'Service Pack 3'
setting 'java.vm.specification.name' to 'Java Virtual Machine Specification'
setting 'user.dir' to 'C:\opt\liftapp\lift_sbt\ChampMan'
setting 'java.runtime.version' to '1.6.0_15-b03'
setting 'java.awt.graphicsenv' to 'sun.awt.Win32GraphicsEnvironment'
setting 'java.endorsed.dirs' to 'C:\Program Files\Java\jre6\lib\endorsed'
setting 'os.arch' to 'x86'
setting 'java.io.tmpdir' to 'C:\DOCUME~1\GABRIE~1.CLA\LOCALS~1\Temp\'
setting 'line.separator' to '
'
setting 'java.vm.specification.vendor' to 'Sun Microsystems Inc.'
setting 'user.variant' to ''
setting 'os.name' to 'Windows XP'
setting 'sun.jnu.encoding' to 'Cp1252'
setting 'java.library.path' to 'C:\WINDOWS\system32;.;C:\WINDOWS\Sun\Java\bin;C:\WINDOWS\system32;C:\WINDOWS;C:\Program Files\Haskell\bin;C:\Program Files\Haskell Platform\2010.2.0.0\lib\extralibs\bin;C:\Program Files\Haskell Platform\2010.2.0.0\bin;C:\Program Files\JavaFX\javafx-sdk1.2\bin;C:\Program Files\JavaFX\javafx-sdk1.2\emulator\bin;C:\WINDOWS\system32;C:\WINDOWS;C:\WINDOWS\System32\Wbem;C:\WINDOWS\system32\WindowsPowerShell\v1.0;C:\Program Files\SlikSvn\bin\;C:\Program Files\TortoiseSVN\bin;C:\eclipse;C:\maven\bin;C:\Program Files\Java\jdk1.5.0_19\bin;C:\Program Files\PostgreSQL\8.4\bin;C:\Program Files\Notepad++;C:\Program Files\MySQL\MySQL Server 5.1\bin;C:\Program Files\Common Files\SYSTEM\MSMAPI\1033;C:\Program Files\Google\Google Apps Sync\;C:\Documents and Settings\gabriel.claramunt\Application Data\cabal\bin;C:\opt\sbt;C:\Program Files\scala\bin;C:\Documents and Settings\gabriel.claramunt\Application Data\cabal\bin;C:\opt\sbt;C:\Program Files\scala\bin'
setting 'java.specification.name' to 'Java Platform API Specification'
setting 'java.class.version' to '50.0'
setting 'sun.management.compiler' to 'HotSpot Client Compiler'
setting 'os.version' to '5.1'
setting 'user.home' to 'C:\Documents and Settings\gabriel.claramunt'
setting 'user.timezone' to 'America/Montevideo'
setting 'java.awt.printerjob' to 'sun.awt.windows.WPrinterJob'
setting 'file.encoding' to 'Cp1252'
setting 'java.specification.version' to '1.6'
setting 'java.class.path' to 'C:\opt\sbt\sbt-launch-0.7.4.jar'
setting 'user.name' to 'gabriel.claramunt'
setting 'java.vm.specification.version' to '1.0'
setting 'java.home' to 'C:\Program Files\Java\jre6'
setting 'sun.arch.data.model' to '32'
setting 'user.language' to 'en'
setting 'java.specification.vendor' to 'Sun Microsystems Inc.'
setting 'awt.toolkit' to 'sun.awt.windows.WToolkit'
setting 'java.vm.info' to 'mixed mode, sharing'
setting 'java.version' to '1.6.0_15'
setting 'java.ext.dirs' to 'C:\Program Files\Java\jre6\lib\ext;C:\WINDOWS\Sun\Java\lib\ext'
setting 'sun.boot.class.path' to 'C:\Program Files\Java\jre6\lib\resources.jar;C:\Program Files\Java\jre6\lib\rt.jar;C:\Program Files\Java\jre6\lib\sunrsasign.jar;C:\Program Files\Java\jre6\lib\jsse.jar;C:\Program Files\Java\jre6\lib\jce.jar;C:\Program Files\Java\jre6\lib\charsets.jar;C:\Program Files\Java\jre6\classes'
setting 'java.vendor' to 'Sun Microsystems Inc.'
setting 'file.separator' to '\'
setting 'java.vendor.url.bug' to 'http://java.sun.com/cgi-bin/bugreport.cgi'
setting 'sun.io.unicode.encoding' to 'UnicodeLittle'
setting 'sun.cpu.endian' to 'little'
setting 'sun.desktop' to 'windows'
setting 'sun.cpu.isalist' to 'pentium_pro+mmx pentium_pro pentium+mmx pentium i486 i386 i86'
setting 'ivy.default.ivy.user.dir' to 'C:\Documents and Settings\gabriel.claramunt\.ivy2'
setting 'ivy.home' to 'C:\Documents and Settings\gabriel.claramunt\.ivy2'
no default ivy user dir defined: set to C:\Documents and Settings\gabriel.claramunt\.ivy2
setting 'ivy.cache.dir' to 'C:\Documents and Settings\gabriel.claramunt\.ivy2\cache'
no default cache defined: set to C:\Documents and Settings\gabriel.claramunt\.ivy2\cache
setting 'ivy.basedir' to 'C:\opt\liftapp\lift_sbt\ChampMan\project\boot'
setting 'basedir' to 'C:\opt\liftapp\lift_sbt\ChampMan\project\boot'
setting 'scala' to '2.8.0'
:: resolving dependencies :: org.scala-tools.sbt#boot-scala;1.0
	confs: [default]
	validate = true
	refresh = false
resolving dependencies for configuration 'default'
== resolving dependencies for org.scala-tools.sbt#boot-scala;1.0 [default]
loadData of org.scala-tools.sbt#boot-scala;1.0 of rootConf=default
== resolving dependencies org.scala-tools.sbt#boot-scala;1.0->org.scala-lang#scala-compiler;2.8.0 [default->default]
loadData of org.scala-lang#scala-compiler;2.8.0 of rootConf=default
	using redefined-public to resolve org.scala-lang#scala-compiler;2.8.0
redefined-public: Checking cache for: dependency: org.scala-lang#scala-compiler;2.8.0 {default=[default]}
redefined-public: no namespace defined: using system
No entry is found in the ModuleDescriptorCache : C:\Documents and Settings\gabriel.claramunt\.ivy2\cache\org.scala-lang\scala-compiler\ivy-2.8.0.xml
pre 1.3 ivy file: using exactOrRegexp as default matcher
	found ivy file in cache for org.scala-lang#scala-compiler;2.8.0 (resolved by Maven Central): C:\Documents and Settings\gabriel.claramunt\.ivy2\cache\org.scala-lang\scala-compiler\ivy-2.8.0.xml
redefined-public: module revision found in cache: org.scala-lang#scala-compiler;2.8.0
redefined-public: no latest strategy defined: using default
	found org.scala-lang#scala-compiler;2.8.0 in Maven Central
== resolving dependencies org.scala-tools.sbt#boot-scala;1.0->org.scala-lang#scala-compiler;2.8.0 [default->runtime]
loadData of org.scala-lang#scala-compiler;2.8.0 of rootConf=default
== resolving dependencies org.scala-tools.sbt#boot-scala;1.0->org.scala-lang#scala-compiler;2.8.0 [default->compile]
loadData of org.scala-lang#scala-compiler;2.8.0 of rootConf=default
== resolving dependencies org.scala-lang#scala-compiler;2.8.0->org.scala-lang#scala-library;2.8.0 [compile->master(*)]
loadData of org.scala-lang#scala-library;2.8.0 of rootConf=default
	using redefined-public to resolve org.scala-lang#scala-library;2.8.0
redefined-public: Checking cache for: dependency: org.scala-lang#scala-library;2.8.0 {compile=[compile(*), master(*)], runtime=[runtime(*)]}
No entry is found in the ModuleDescriptorCache : C:\Documents and Settings\gabriel.claramunt\.ivy2\cache\org.scala-lang\scala-library\ivy-2.8.0.xml
pre 1.3 ivy file: using exactOrRegexp as default matcher
	found ivy file in cache for org.scala-lang#scala-library;2.8.0 (resolved by Maven Central): C:\Documents and Settings\gabriel.claramunt\.ivy2\cache\org.scala-lang\scala-library\ivy-2.8.0.xml
redefined-public: module revision found in cache: org.scala-lang#scala-library;2.8.0
	found org.scala-lang#scala-library;2.8.0 in Maven Central
== resolving dependencies org.scala-lang#scala-compiler;2.8.0->org.scala-lang#scala-library;2.8.0 [compile->compile(*)]
loadData of org.scala-lang#scala-library;2.8.0 of rootConf=default
== resolving dependencies org.scala-lang#scala-compiler;2.8.0->org.scala-lang#scala-library;2.8.0 [compile->default]
loadData of org.scala-lang#scala-library;2.8.0 of rootConf=default
== resolving dependencies org.scala-lang#scala-compiler;2.8.0->org.scala-lang#scala-library;2.8.0 [compile->runtime]
loadData of org.scala-lang#scala-library;2.8.0 of rootConf=default
== resolving dependencies org.scala-lang#scala-compiler;2.8.0->org.scala-lang#scala-library;2.8.0 [compile->compile]
loadData of org.scala-lang#scala-library;2.8.0 of rootConf=default
== resolving dependencies org.scala-lang#scala-compiler;2.8.0->org.scala-lang#scala-library;2.8.0 [compile->master]
loadData of org.scala-lang#scala-library;2.8.0 of rootConf=default
== resolving dependencies org.scala-lang#scala-compiler;2.8.0->org.scala-lang#scala-library;2.8.0 [runtime->runtime(*)]
loadData of org.scala-lang#scala-library;2.8.0 of rootConf=default
== resolving dependencies org.scala-lang#scala-compiler;2.8.0->org.scala-lang#scala-library;2.8.0 [runtime->compile]
loadData of org.scala-lang#scala-library;2.8.0 of rootConf=default
default is loaded and no conf to load.  Skip loading
== resolving dependencies org.scala-tools.sbt#boot-scala;1.0->org.scala-lang#scala-compiler;2.8.0 [default->master]
loadData of org.scala-lang#scala-compiler;2.8.0 of rootConf=default
== resolving dependencies org.scala-tools.sbt#boot-scala;1.0->org.scala-lang#scala-library;2.8.0 [default->default]
loadData of org.scala-lang#scala-library;2.8.0 of rootConf=default
default is loaded and no conf to load.  Skip loading
== resolving dependencies org.scala-tools.sbt#boot-scala;1.0->org.scala-lang#scala-library;2.8.0 [default->runtime]
loadData of org.scala-lang#scala-library;2.8.0 of rootConf=default
default is loaded and no conf to load.  Skip loading
== resolving dependencies org.scala-tools.sbt#boot-scala;1.0->org.scala-lang#scala-library;2.8.0 [default->compile]
loadData of org.scala-lang#scala-library;2.8.0 of rootConf=default
default is loaded and no conf to load.  Skip loading
== resolving dependencies org.scala-tools.sbt#boot-scala;1.0->org.scala-lang#scala-library;2.8.0 [default->master]
loadData of org.scala-lang#scala-library;2.8.0 of rootConf=default
default is loaded and no conf to load.  Skip loading
Nbr of module to sort : 2
Sort dependencies of : org.scala-lang#scala-compiler;2.8.0 / Number of dependencies = 2
Sort dependencies of : org.scala-lang#scala-library;2.8.0 / Number of dependencies = 0
Sort done for : org.scala-lang#scala-library;2.8.0
Sort done for : org.scala-lang#scala-compiler;2.8.0
Module descriptor is processed : org.scala-lang#scala-library;2.8.0
	resolved ivy file produced in C:\Documents and Settings\gabriel.claramunt\.ivy2\cache\resolved-org.scala-tools.sbt-boot-scala-1.0.xml
:: downloading artifacts ::
	[NOT REQUIRED] org.scala-lang#scala-compiler;2.8.0!scala-compiler.jar
	[NOT REQUIRED] org.scala-lang#scala-library;2.8.0!scala-library.jar
:: resolution report :: resolve 62ms :: artifacts dl 0ms
Nbr of module to sort : 2
Sort dependencies of : org.scala-lang#scala-compiler;2.8.0 / Number of dependencies = 2
Sort dependencies of : org.scala-lang#scala-library;2.8.0 / Number of dependencies = 0
Sort done for : org.scala-lang#scala-library;2.8.0
Sort done for : org.scala-lang#scala-compiler;2.8.0
Module descriptor is processed : org.scala-lang#scala-library;2.8.0
	report for org.scala-tools.sbt#boot-scala;1.0 default produced in C:\Documents and Settings\gabriel.claramunt\.ivy2\cache\org.scala-tools.sbt-boot-scala-default.xml
	resolve done (62ms resolve - 0ms download)
:: retrieving :: org.scala-tools.sbt#boot-scala
	checkUpToDate=true
no explicit confs given for retrieve, using ivy file: C:\Documents and Settings\gabriel.claramunt\.ivy2\cache\resolved-org.scala-tools.sbt-boot-scala-1.0.xml
using ivy parser to parse C:\Documents and Settings\gabriel.claramunt\.ivy2\cache\resolved-org.scala-tools.sbt-boot-scala-1.0.xml
pre 1.3 ivy file: using exactOrRegexp as default matcher
	confs: [default]
	retrieving C:\Documents and Settings\gabriel.claramunt\.ivy2\cache\org.scala-lang\scala-library\jars\scala-library-2.8.0.jar
		to C:\opt\liftapp\lift_sbt\ChampMan\project\boot\scala-2.8.0\lib\scala-library.jar
	retrieving C:\Documents and Settings\gabriel.claramunt\.ivy2\cache\org.scala-lang\scala-compiler\jars\scala-compiler-2.8.0.jar
		to C:\opt\liftapp\lift_sbt\ChampMan\project\boot\scala-2.8.0\lib\scala-compiler.jar
	2 artifacts copied, 0 already retrieved (14484kB/1219ms)
	retrieve done (1219ms)
